                 0.1        5.60433e-022
                 0.2        2.85273e-014
                 0.3        2.36116e-010
                 0.4        2.05189e-007
                 0.5        3.72486e-005
                 0.6          0.00139802
                 0.7           0.0188349
                 0.8            0.131406
                 0.9            0.589372
                   1             1.94005
                 1.1             5.10337
                 1.2             11.3595
                 1.3             22.2691
                 1.4             39.5873
                 1.5             65.2492
                 1.6             101.503
                 1.7             151.263
                 1.8             218.719
                 1.9             310.242
                   2             435.521
                 2.1             608.888
                 2.2             850.712
                 2.3             1188.73
                 2.4             1659.18
                 2.5             2307.68
                 2.6             3189.67
                 2.7             4370.53
                 2.8              5925.2
                 2.9             7937.44
                   3             10498.8
                 3.1             13707.2
                 3.2             17665.6
                 3.3             22479.9
                 3.4             28257.8
                 3.5             35106.7
                 3.6             43132.2
                 3.7             52436.8
                 3.8             63118.2
                 3.9             75268.6
                   4             88973.1
                 4.1              104309
                 4.2              121347
                 4.3              140147
                 4.4              160761
                 4.5              183232
                 4.6              207594
                 4.7              233872
                 4.8              262083
                 4.9              292193
                   5              324324
                 5.1              358347
                 5.2              394287
                 5.3              432123
                 5.4              471828
                 5.5              513369
                 5.6              556707
                 5.7              601800
                 5.8              648600
                 5.9              697059
                   6              747121
                 6.1              798733
                 6.2              851835
                 6.3              906368
                 6.4              962271
                 6.5        1.01948e+006
                 6.6        1.07794e+006
                 6.7        1.13757e+006
                 6.8        1.19833e+006
                 6.9        1.26013e+006
                   7        1.32293e+006
                 7.1        1.38666e+006
                 7.2        1.45126e+006
                 7.3        1.51666e+006
                 7.4        1.58281e+006
                 7.5        1.64964e+006
                 7.6        1.71711e+006
                 7.7        1.78515e+006
                 7.8        1.85371e+006
                 7.9        1.92274e+006
                   8        1.99218e+006
                 8.1        2.06198e+006
                 8.2         2.1321e+006
                 8.3        2.20249e+006
                 8.4        2.27311e+006
                 8.5         2.3439e+006
                 8.6        2.41484e+006
                 8.7        2.48587e+006
                 8.8        2.55696e+006
                 8.9        2.62807e+006
                   9        2.69917e+006
                 9.1        2.77022e+006
                 9.2        2.84119e+006
                 9.3        2.91206e+006
                 9.4        2.98278e+006
                 9.5        3.05333e+006
                 9.6        3.12369e+006
                 9.7        3.19383e+006
                 9.8        3.26373e+006
                 9.9        3.33336e+006
                  10        3.40271e+006
